[LOG]  -  02/18/2022, 12:41:19 AM - Starting Nest application...
[LOG]  -  02/18/2022, 12:41:19 AM - MongooseModule dependencies initialized
[LOG]  -  02/18/2022, 12:41:19 AM - HttpModule dependencies initialized
[LOG]  -  02/18/2022, 12:41:19 AM - AppModule dependencies initialized
[LOG]  -  02/18/2022, 12:41:19 AM - MongooseCoreModule dependencies initialized
[LOG]  -  02/18/2022, 12:41:19 AM - MongooseModule dependencies initialized
[LOG]  -  02/18/2022, 12:41:19 AM - LibraryModule dependencies initialized
[LOG]  -  02/18/2022, 12:41:19 AM - AppController {/}:
[LOG]  -  02/18/2022, 12:41:19 AM - Mapped {/, GET} route
[LOG]  -  02/18/2022, 12:41:19 AM - Mapped {/album/:id, GET} route
[LOG]  -  02/18/2022, 12:41:19 AM - Mapped {/artist/:artistId/albums, GET} route
[LOG]  -  02/18/2022, 12:41:19 AM - Mapped {/search, GET} route
[LOG]  -  02/18/2022, 12:41:19 AM - LibraryController {/library}:
[LOG]  -  02/18/2022, 12:41:19 AM - Mapped {/library/albums, GET} route
[LOG]  -  02/18/2022, 12:41:19 AM - Mapped {/library/album/:id, GET} route
[LOG]  -  02/18/2022, 12:41:19 AM - Mapped {/library/album, POST} route
[LOG]  -  02/18/2022, 12:41:19 AM - Mapped {/library/album/:id, DELETE} route
[LOG]  -  02/18/2022, 12:41:19 AM - Mapped {/library/album/favorite/:id, POST} route
[LOG]  -  02/18/2022, 12:41:19 AM - Mapped {/library/album/favorite/:id, DELETE} route
[LOG]  -  02/18/2022, 12:41:19 AM - Mapped {/library/album, PUT} route
[LOG]  -  02/18/2022, 12:41:19 AM - Nest application successfully started
[LOG]  -  02/18/2022, 12:41:19 AM - server running on port 3000 ...
