[LOG]  -  02/18/2022, 12:10:10 AM - Starting Nest application...
[LOG]  -  02/18/2022, 12:10:10 AM - MongooseModule dependencies initialized
[LOG]  -  02/18/2022, 12:10:10 AM - HttpModule dependencies initialized
[LOG]  -  02/18/2022, 12:10:10 AM - AppModule dependencies initialized
[LOG]  -  02/18/2022, 12:10:10 AM - MongooseCoreModule dependencies initialized
[LOG]  -  02/18/2022, 12:10:10 AM - MongooseModule dependencies initialized
[LOG]  -  02/18/2022, 12:10:10 AM - LibraryModule dependencies initialized
[LOG]  -  02/18/2022, 12:10:10 AM - AppController {/}:
[LOG]  -  02/18/2022, 12:10:10 AM - Mapped {/, GET} route
[LOG]  -  02/18/2022, 12:10:10 AM - Mapped {/album/:id, GET} route
[LOG]  -  02/18/2022, 12:10:10 AM - Mapped {/artist/:artistId/albums, GET} route
[LOG]  -  02/18/2022, 12:10:10 AM - Mapped {/search, GET} route
[LOG]  -  02/18/2022, 12:10:10 AM - LibraryController {/library}:
[LOG]  -  02/18/2022, 12:10:10 AM - Mapped {/library/albums, GET} route
[LOG]  -  02/18/2022, 12:10:10 AM - Mapped {/library/album/:id, GET} route
[LOG]  -  02/18/2022, 12:10:10 AM - Mapped {/library/album, POST} route
[LOG]  -  02/18/2022, 12:10:10 AM - Mapped {/library/album/:id, DELETE} route
[LOG]  -  02/18/2022, 12:10:10 AM - Mapped {/library/album/favorite/:id, POST} route
[LOG]  -  02/18/2022, 12:10:10 AM - Mapped {/library/album/favorite/:id, DELETE} route
[LOG]  -  02/18/2022, 12:10:10 AM - Mapped {/library/album, PUT} route
[LOG]  -  02/18/2022, 12:10:10 AM - Nest application successfully started
[LOG]  -  02/18/2022, 12:10:10 AM - server running on port 3000 ...
[VERBOSE]  -  02/18/2022, 12:10:24 AM - [LibraryController] addTag([testId], newTag)
[VERBOSE]  -  02/18/2022, 12:10:24 AM - [LibraryService] addTag([testId], newTag)
[LOG]  -  02/18/2022, 12:10:24 AM - [LibraryService] Albums 'testId' added to favorites
