[LOG]  -  02/18/2022, 12:16:06 AM - Starting Nest application...
[LOG]  -  02/18/2022, 12:16:06 AM - MongooseModule dependencies initialized
[LOG]  -  02/18/2022, 12:16:06 AM - HttpModule dependencies initialized
[LOG]  -  02/18/2022, 12:16:06 AM - AppModule dependencies initialized
[LOG]  -  02/18/2022, 12:16:06 AM - MongooseCoreModule dependencies initialized
[LOG]  -  02/18/2022, 12:16:06 AM - MongooseModule dependencies initialized
[LOG]  -  02/18/2022, 12:16:06 AM - LibraryModule dependencies initialized
[LOG]  -  02/18/2022, 12:16:06 AM - AppController {/}:
[LOG]  -  02/18/2022, 12:16:06 AM - Mapped {/, GET} route
[LOG]  -  02/18/2022, 12:16:06 AM - Mapped {/album/:id, GET} route
[LOG]  -  02/18/2022, 12:16:06 AM - Mapped {/artist/:artistId/albums, GET} route
[LOG]  -  02/18/2022, 12:16:06 AM - Mapped {/search, GET} route
[LOG]  -  02/18/2022, 12:16:06 AM - LibraryController {/library}:
[LOG]  -  02/18/2022, 12:16:06 AM - Mapped {/library/albums, GET} route
[LOG]  -  02/18/2022, 12:16:06 AM - Mapped {/library/album/:id, GET} route
[LOG]  -  02/18/2022, 12:16:06 AM - Mapped {/library/album, POST} route
[LOG]  -  02/18/2022, 12:16:06 AM - Mapped {/library/album/:id, DELETE} route
[LOG]  -  02/18/2022, 12:16:06 AM - Mapped {/library/album/favorite/:id, POST} route
[LOG]  -  02/18/2022, 12:16:06 AM - Mapped {/library/album/favorite/:id, DELETE} route
[LOG]  -  02/18/2022, 12:16:06 AM - Mapped {/library/album, PUT} route
[LOG]  -  02/18/2022, 12:16:06 AM - Nest application successfully started
[LOG]  -  02/18/2022, 12:16:06 AM - server running on port 3000 ...
[VERBOSE]  -  02/18/2022, 12:16:08 AM - [LibraryController] addAlbum(testTitle)
[VERBOSE]  -  02/18/2022, 12:16:08 AM - [LibraryService] addAlbum(testTitle)
[LOG]  -  02/18/2022, 12:16:08 AM - [LibraryService] New album with id testId
[VERBOSE]  -  02/18/2022, 12:16:12 AM - [LibraryController] addAlbum(testTitle)
[VERBOSE]  -  02/18/2022, 12:16:12 AM - [LibraryService] addAlbum(testTitle)
[ERROR]  -  02/18/2022, 12:16:12 AM - [LibraryService] Impossible to add the album 'testTitle': 'MongoServerError: E11000 duplicate key error collection: SpotifyLibrary.albums index: id_1 dup key: { id: "testId" }'