[LOG]  -  02/18/2022, 1:47:24 AM - Starting Nest application...
[LOG]  -  02/18/2022, 1:47:24 AM - MongooseModule dependencies initialized
[LOG]  -  02/18/2022, 1:47:24 AM - HttpModule dependencies initialized
[LOG]  -  02/18/2022, 1:47:24 AM - AppModule dependencies initialized
[LOG]  -  02/18/2022, 1:47:24 AM - MongooseCoreModule dependencies initialized
[LOG]  -  02/18/2022, 1:47:24 AM - MongooseModule dependencies initialized
[LOG]  -  02/18/2022, 1:47:24 AM - LibraryModule dependencies initialized
[LOG]  -  02/18/2022, 1:47:24 AM - AppController {/}:
[LOG]  -  02/18/2022, 1:47:24 AM - Mapped {/, GET} route
[LOG]  -  02/18/2022, 1:47:24 AM - Mapped {/album/:id, GET} route
[LOG]  -  02/18/2022, 1:47:24 AM - Mapped {/artist/:artistId/albums, GET} route
[LOG]  -  02/18/2022, 1:47:24 AM - Mapped {/search, GET} route
[LOG]  -  02/18/2022, 1:47:24 AM - LibraryController {/library}:
[LOG]  -  02/18/2022, 1:47:24 AM - Mapped {/library/albums, GET} route
[LOG]  -  02/18/2022, 1:47:24 AM - Mapped {/library/album/:id, GET} route
[LOG]  -  02/18/2022, 1:47:24 AM - Mapped {/library/album, POST} route
[LOG]  -  02/18/2022, 1:47:24 AM - Mapped {/library/album/:id, DELETE} route
[LOG]  -  02/18/2022, 1:47:24 AM - Mapped {/library/album/favorite/:id, POST} route
[LOG]  -  02/18/2022, 1:47:24 AM - Mapped {/library/album/favorite/:id, DELETE} route
[LOG]  -  02/18/2022, 1:47:24 AM - Mapped {/library/album, PUT} route
[LOG]  -  02/18/2022, 1:47:24 AM - Nest application successfully started
[LOG]  -  02/18/2022, 1:47:24 AM - server running on port 3000 ...
[VERBOSE]  -  02/18/2022, 1:47:27 AM - [AppController] getAlbums()
[VERBOSE]  -  02/18/2022, 1:47:27 AM - [AppService] getAlbum(382ObEPsp2rxGrnsizN5TX,1A2GTWGtFfWp7KSQTwWOyo,2noRn2Aes5aoNVsU6iWThc)
